<?xml version="1.0" encoding="UTF-8"?>
<!-- Generated by org.testng.reporters.JUnitReportReporter -->
<testsuite skipped="0" hostname="Manju" name="com.saucedemo.AppTest" tests="1" failures="0" timestamp="15 May 2023 10:43:09 GMT" time="0.039" errors="0">
  <testcase name="testApp" time="0.039" classname="com.saucedemo.AppTest"/>
</testsuite> <!-- com.saucedemo.AppTest -->
